<?xml version="1.0" encoding="UTF-8"?>
<!-- Generated by org.testng.reporters.JUnitReportReporter -->
<testsuite skipped="0" hostname="Siva-VAIO" name="TestNGDemoPack.TestNGdemo4" tests="3" failures="0" timestamp="30 Mar 2020 21:58:05 GMT" time="0.014" errors="0">
  <testcase name="Mobilelogin" time="0.001" classname="TestNGDemoPack.TestNGdemo4"/>
  <testcase name="Weblogin" time="0.012" classname="TestNGDemoPack.TestNGdemo4"/>
  <testcase name="APIlogin" time="0.001" classname="TestNGDemoPack.TestNGdemo4"/>
</testsuite> <!-- TestNGDemoPack.TestNGdemo4 -->
