<?xml version="1.0" encoding="UTF-8"?>
<!-- Generated by org.testng.reporters.JUnitReportReporter -->
<testsuite skipped="0" hostname="Siva-VAIO" name="Log4jDemo.log4jdemo1" tests="1" failures="0" timestamp="31 Mar 2020 01:54:41 GMT" time="0.011" errors="0">
  <testcase name="loggindemo" time="0.011" classname="Log4jDemo.log4jdemo1"/>
</testsuite> <!-- Log4jDemo.log4jdemo1 -->
