<?xml version="1.0" encoding="UTF-8"?>
<!-- Generated by org.testng.reporters.JUnitReportReporter -->
<testsuite skipped="0" hostname="Siva-VAIO" name="TestNGdemo2" tests="1" failures="0" timestamp="30 Mar 2020 17:57:37 GMT" time="0.002" errors="0">
  <testcase name="Test2" time="0.002" classname="TestNGdemo2"/>
</testsuite> <!-- TestNGdemo2 -->
