<?xml version="1.0" encoding="UTF-8"?>
<!-- Generated by org.testng.reporters.JUnitReportReporter -->
<testsuite skipped="0" hostname="Siva-VAIO" name="TestNGDemoPack.TestNGdemo1" tests="2" failures="0" timestamp="30 Mar 2020 21:56:56 GMT" time="0.012" errors="0">
  <testcase name="Test3" time="0.010" classname="TestNGDemoPack.TestNGdemo1"/>
  <testcase name="Test4" time="0.002" classname="TestNGDemoPack.TestNGdemo1"/>
</testsuite> <!-- TestNGDemoPack.TestNGdemo1 -->
