<?xml version="1.0" encoding="UTF-8"?>
<!-- Generated by org.testng.reporters.JUnitReportReporter -->
<testsuite skipped="0" hostname="Siva-VAIO" name="TestNGDemoPack.TestNGdemo3" tests="2" failures="0" timestamp="30 Mar 2020 21:49:07 GMT" time="0.003" errors="0">
  <testcase name="Nissan" time="0.001" classname="TestNGDemoPack.TestNGdemo3"/>
  <testcase name="Benz" time="0.002" classname="TestNGDemoPack.TestNGdemo3"/>
</testsuite> <!-- TestNGDemoPack.TestNGdemo3 -->
