<?xml version="1.0" encoding="UTF-8"?>
<!-- Generated by org.testng.reporters.JUnitReportReporter -->
<testsuite skipped="0" hostname="Siva-VAIO" name="TestNGDemoPack.TestNGdemo9" tests="3" failures="0" timestamp="30 Mar 2020 23:40:04 GMT" time="0.019" errors="0">
  <testcase name="demo1" time="0.002" classname="TestNGDemoPack.TestNGdemo9"/>
  <testcase name="demo1" time="0.014" classname="TestNGDemoPack.TestNGdemo9"/>
  <testcase name="demo2" time="0.003" classname="TestNGDemoPack.TestNGdemo9"/>
</testsuite> <!-- TestNGDemoPack.TestNGdemo9 -->
