<?xml version="1.0" encoding="UTF-8"?>
<!-- Generated by org.testng.reporters.JUnitReportReporter -->
<testsuite skipped="0" hostname="Siva-VAIO" name="TestNGDemoPack.TestNGdemo6" tests="2" failures="0" timestamp="30 Mar 2020 22:41:41 GMT" time="0.014" errors="0">
  <testcase name="Subraction" time="0.013" classname="TestNGDemoPack.TestNGdemo6"/>
  <testcase name="Sum" time="0.001" classname="TestNGDemoPack.TestNGdemo6"/>
</testsuite> <!-- TestNGDemoPack.TestNGdemo6 -->
