<?xml version="1.0" encoding="UTF-8"?>
<!-- Generated by org.testng.reporters.JUnitReportReporter -->
<testsuite skipped="0" hostname="Siva-VAIO" name="TestNGDemoPack.TestNGdemo7" tests="2" failures="0" timestamp="30 Mar 2020 22:41:41 GMT" time="0.004" errors="0">
  <testcase name="Subraction" time="0.002" classname="TestNGDemoPack.TestNGdemo7"/>
  <testcase name="Sum" time="0.002" classname="TestNGDemoPack.TestNGdemo7"/>
</testsuite> <!-- TestNGDemoPack.TestNGdemo7 -->
