<?xml version="1.0" encoding="UTF-8"?>
<!-- Generated by org.testng.reporters.JUnitReportReporter -->
<testsuite skipped="0" hostname="Siva-VAIO" name="TestNGDemoPack.TestNGdemo2" tests="3" failures="0" timestamp="30 Mar 2020 21:56:56 GMT" time="0.003" errors="0">
  <testcase name="CarLoan" time="0.001" classname="TestNGDemoPack.TestNGdemo2"/>
  <testcase name="MobileLoan" time="0.001" classname="TestNGDemoPack.TestNGdemo2"/>
  <testcase name="SchoolLoan" time="0.001" classname="TestNGDemoPack.TestNGdemo2"/>
</testsuite> <!-- TestNGDemoPack.TestNGdemo2 -->
