<?xml version="1.0" encoding="UTF-8"?>
<!-- Generated by org.testng.reporters.JUnitReportReporter -->
<testsuite skipped="0" hostname="Siva-VAIO" name="log4j.log4jdemo" tests="1" failures="0" timestamp="01 Apr 2020 03:44:29 GMT" time="0.104" errors="0">
  <testcase name="log4jmethod" time="0.104" classname="log4j.log4jdemo"/>
</testsuite> <!-- log4j.log4jdemo -->
