<?xml version="1.0" encoding="UTF-8"?>
<!-- Generated by org.testng.reporters.JUnitReportReporter -->
<testsuite skipped="0" hostname="Siva-VAIO" name="TestNGdemo1" tests="3" failures="0" timestamp="30 Mar 2020 17:57:37 GMT" time="0.009" errors="0">
  <testcase name="Test4" time="0.002" classname="TestNGdemo1"/>
  <testcase name="Test2" time="0.005" classname="TestNGdemo1"/>
  <testcase name="Test3" time="0.002" classname="TestNGdemo1"/>
</testsuite> <!-- TestNGdemo1 -->
